Using pre-set license
Built from '2021.2/staging' branch; Version is '2021.2.12f1 (48b1aa000234) revision 4764074'; Using compiler version '192829333'; Build Type 'Release'
OS: 'Windows 11  (10.0.22000) 64bit Core' Language: 'en' Physical Memory: 7991 MB
BatchMode: 1, IsHumanControllingUs: 0, StartBugReporterOnCrash: 0, Is64bit: 1, IsPro: 0

COMMAND LINE ARGUMENTS:
C:\Users\home\Documents\unityhib\2021.2.12f1\Editor\Unity.exe
-adb2
-batchMode
-noUpm
-name
AssetImportWorker0
-projectPath
C:/Users/home/Desktop/vollybsll/Projectv
-logFile
Logs/AssetImportWorker0.log
-srvPort
61596
Successfully changed project path to: C:/Users/home/Desktop/vollybsll/Projectv
C:/Users/home/Desktop/vollybsll/Projectv
[UnityMemory] Configuration Parameters - Can be set up in boot.config
    "memorysetup-bucket-allocator-granularity=16"
    "memorysetup-bucket-allocator-bucket-count=8"
    "memorysetup-bucket-allocator-block-size=33554432"
    "memorysetup-bucket-allocator-block-count=8"
    "memorysetup-main-allocator-block-size=16777216"
    "memorysetup-thread-allocator-block-size=16777216"
    "memorysetup-gfx-main-allocator-block-size=16777216"
    "memorysetup-gfx-thread-allocator-block-size=16777216"
    "memorysetup-cache-allocator-block-size=4194304"
    "memorysetup-typetree-allocator-block-size=2097152"
    "memorysetup-profiler-bucket-allocator-granularity=16"
    "memorysetup-profiler-bucket-allocator-bucket-count=8"
    "memorysetup-profiler-bucket-allocator-block-size=33554432"
    "memorysetup-profiler-bucket-allocator-block-count=8"
    "memorysetup-profiler-allocator-block-size=16777216"
    "memorysetup-profiler-editor-allocator-block-size=1048576"
    "memorysetup-temp-allocator-size-main=16777216"
    "memorysetup-job-temp-allocator-block-size=2097152"
    "memorysetup-job-temp-allocator-block-size-background=1048576"
    "memorysetup-job-temp-allocator-reduction-small-platforms=262144"
    "memorysetup-temp-allocator-size-background-worker=32768"
    "memorysetup-temp-allocator-size-job-worker=262144"
    "memorysetup-temp-allocator-size-preload-manager=33554432"
    "memorysetup-temp-allocator-size-nav-mesh-worker=65536"
    "memorysetup-temp-allocator-size-audio-worker=65536"
    "memorysetup-temp-allocator-size-cloud-worker=32768"
    "memorysetup-temp-allocator-size-gi-baking-worker=262144"
    "memorysetup-temp-allocator-size-gfx=262144"
Refreshing native plugins compatible for Editor in 213.55 ms, found 4 plugins.
Preloading 0 native plugins for Editor in 0.00 ms.
Initialize engine version: 2021.2.12f1 (48b1aa000234)
[Subsystems] Discovering subsystems at path C:/Users/home/Documents/unityhib/2021.2.12f1/Editor/Data/Resources/UnitySubsystems
[Subsystems] Discovering subsystems at path C:/Users/home/Desktop/vollybsll/Projectv/Assets
GfxDevice: creating device client; threaded=0; jobified=0
Direct3D:
    Version:  Direct3D 11.0 [level 11.1]
    Renderer: Intel(R) UHD Graphics (ID=0x9a78)
    Vendor:   Intel
    VRAM:     3995 MB
    Driver:   30.0.100.9864
Initialize mono
Mono path[0] = 'C:/Users/home/Documents/unityhib/2021.2.12f1/Editor/Data/Managed'
Mono path[1] = 'C:/Users/home/Documents/unityhib/2021.2.12f1/Editor/Data/MonoBleedingEdge/lib/mono/unityjit-win32'
Mono config path = 'C:/Users/home/Documents/unityhib/2021.2.12f1/Editor/Data/MonoBleedingEdge/etc'
Using monoOptions --debugger-agent=transport=dt_socket,embedding=1,server=y,suspend=n,address=127.0.0.1:56364
Begin MonoManager ReloadAssembly
Registering precompiled unity dll's ...
Register platform support module: C:/Users/home/Documents/unityhib/2021.2.12f1/Editor/Data/PlaybackEngines/WindowsStandaloneSupport/UnityEditor.WindowsStandalone.Extensions.dll
Registered in 0.007558 seconds.
Native extension for WindowsStandalone target not found
Refreshing native plugins compatible for Editor in 197.69 ms, found 4 plugins.
Preloading 0 native plugins for Editor in 0.00 ms.
Mono: successfully reloaded assembly
- Completed reload, in  0.989 seconds
Domain Reload Profiling:
	ReloadAssembly (989ms)
		BeginReloadAssembly (166ms)
			ExecutionOrderSort (0ms)
			DisableScriptedObjects (0ms)
			BackupInstance (0ms)
			ReleaseScriptingObjects (0ms)
			CreateAndSetChildDomain (1ms)
		EndReloadAssembly (680ms)
			LoadAssemblies (162ms)
			RebuildTransferFunctionScriptingTraits (0ms)
			SetupTypeCache (119ms)
			ReleaseScriptCaches (0ms)
			RebuildScriptCaches (41ms)
			SetupLoadedEditorAssemblies (454ms)
				LogAssemblyErrors (0ms)
				InitializePlatformSupportModulesInManaged (10ms)
				SetLoadedEditorAssemblies (0ms)
				RefreshPlugins (198ms)
				BeforeProcessingInitializeOnLoad (1ms)
				ProcessInitializeOnLoadAttributes (181ms)
				ProcessInitializeOnLoadMethodAttributes (64ms)
				AfterProcessingInitializeOnLoad (0ms)
				EditorAssembliesLoaded (0ms)
			ExecutionOrderSort2 (0ms)
			AwakeInstancesAfterBackupRestoration (0ms)
Platform modules already initialized, skipping
Registering precompiled user dll's ...
Registered in 0.018653 seconds.
Begin MonoManager ReloadAssembly
Symbol file LoadedFromMemory doesn't match image C:\Users\home\Desktop\vollybsll\Projectv\Library\PackageCache\com.unity.visualscripting@1.7.6\Editor\VisualScripting.Core\Dependencies\YamlDotNet\Unity.VisualScripting.YamlDotNet.dll
Symbol file LoadedFromMemory doesn't match image C:\Users\home\Desktop\vollybsll\Projectv\Library\PackageCache\com.unity.visualscripting@1.7.6\Editor\VisualScripting.Core\Dependencies\DotNetZip\Unity.VisualScripting.IonicZip.dll
Native extension for WindowsStandalone target not found
Refreshing native plugins compatible for Editor in 180.50 ms, found 4 plugins.
Preloading 0 native plugins for Editor in 0.00 ms.
Mono: successfully reloaded assembly
- Completed reload, in  2.941 seconds
Domain Reload Profiling:
	ReloadAssembly (2943ms)
		BeginReloadAssembly (176ms)
			ExecutionOrderSort (0ms)
			DisableScriptedObjects (6ms)
			BackupInstance (0ms)
			ReleaseScriptingObjects (0ms)
			CreateAndSetChildDomain (25ms)
		EndReloadAssembly (2617ms)
			LoadAssemblies (297ms)
			RebuildTransferFunctionScriptingTraits (0ms)
			SetupTypeCache (406ms)
			ReleaseScriptCaches (1ms)
			RebuildScriptCaches (99ms)
			SetupLoadedEditorAssemblies (1783ms)
				LogAssemblyErrors (0ms)
				InitializePlatformSupportModulesInManaged (6ms)
				SetLoadedEditorAssemblies (0ms)
				RefreshPlugins (181ms)
				BeforeProcessingInitializeOnLoad (161ms)
				ProcessInitializeOnLoadAttributes (1313ms)
				ProcessInitializeOnLoadMethodAttributes (115ms)
				AfterProcessingInitializeOnLoad (8ms)
				EditorAssembliesLoaded (0ms)
			ExecutionOrderSort2 (0ms)
			AwakeInstancesAfterBackupRestoration (6ms)
Platform modules already initialized, skipping
========================================================================
Worker process is ready to serve import requests
Launched and connected shader compiler UnityShaderCompiler.exe after 0.07 seconds
Refreshing native plugins compatible for Editor in 1.88 ms, found 4 plugins.
Preloading 0 native plugins for Editor in 0.00 ms.
Unloading 6257 Unused Serialized files (Serialized files now loaded: 0)
Unloading 60 unused Assets / (2.0 MB). Loaded Objects now: 6694.
Memory consumption went from 274.7 MB to 272.6 MB.
Total: 8.532500 ms (FindLiveObjects: 1.407200 ms CreateObjectMapping: 0.346300 ms MarkObjects: 5.778400 ms  DeleteObjects: 0.995800 ms)

AssetImportParameters requested are different than current active one (requested -> active):
  custom:video-decoder-ogg-theora: a1e56fd34408186e4bbccfd4996cb3dc -> 
  custom:container-muxer-webm: aa71ff27fc2769a1b78a27578f13a17b -> 
  custom:container-demuxer-webm: 4f35f7cbe854078d1ac9338744f61a02 -> 
  custom:video-encoder-webm-vp8: eb34c28f22e8b96e1ab97ce403110664 -> 
  custom:video-codec-MediaFoundation-h265: 746d11721c4dcdbdad8f713fa42b33f4 -> 
  custom:audio-encoder-webm-vorbis: bf7c407c2cedff20999df2af8eb42d56 -> 
  custom:framework-win-MediaFoundation: 216162199b28c13a410421893ffa2e32 -> 
  custom:container-demuxer-ogg: 62fdf1f143b41e24485cea50d1cbac27 -> 
  custom:video-decoder-webm-vp8: 9c59270c3fd7afecdb556c50c9e8de78 -> 
  custom:audio-decoder-ogg-vorbis: bf7c407c2cedff20999df2af8eb42d56 -> 
========================================================================
Received Import Request.
  Time since last request: 782407.133216 seconds.
  path: Assets/pipeline/New Universal Render Pipeline Asset.asset
  artifactKey: Guid(af2fe1dbad4b4c246ac9fc7a8bede801) Importer(815301076,1909f56bfc062723c751e8b465ee728b)
Start importing Assets/pipeline/New Universal Render Pipeline Asset.asset using Guid(af2fe1dbad4b4c246ac9fc7a8bede801) Importer(815301076,1909f56bfc062723c751e8b465ee728b)  -> (artifact id: 'ba0ff88e3e505e976bde501fc4d42cfa') in 0.075078 seconds 
========================================================================
Received Import Request.
  Time since last request: 0.000035 seconds.
  path: Assets/pipeline/New Universal Render Pipeline Asset_Renderer.asset
  artifactKey: Guid(de26a22c44ca1d640958ca99189d8ac9) Importer(815301076,1909f56bfc062723c751e8b465ee728b)
Start importing Assets/pipeline/New Universal Render Pipeline Asset_Renderer.asset using Guid(de26a22c44ca1d640958ca99189d8ac9) Importer(815301076,1909f56bfc062723c751e8b465ee728b)  -> (artifact id: '796be0bbd965712b81de0cdf55613685') in 0.005634 seconds 
========================================================================
Received Import Request.
  Time since last request: 3.489357 seconds.
  path: Assets/Scenes/RigSeetup.unity
  artifactKey: Guid(e25402152d9d15f429fa747622cd82b0) Importer(815301076,1909f56bfc062723c751e8b465ee728b)
Start importing Assets/Scenes/RigSeetup.unity using Guid(e25402152d9d15f429fa747622cd82b0) Importer(815301076,1909f56bfc062723c751e8b465ee728b)  -> (artifact id: '8ef5b50cf5ccb07e49d5c0efade222e4') in 0.016355 seconds 
========================================================================
Received Import Request.
  Time since last request: 205.523626 seconds.
  path: Assets/AnyPortrait/Assets
  artifactKey: Guid(0625cfd47101b9842b8f01ed3942f471) Importer(815301076,1909f56bfc062723c751e8b465ee728b)
Start importing Assets/AnyPortrait/Assets using Guid(0625cfd47101b9842b8f01ed3942f471) Importer(815301076,1909f56bfc062723c751e8b465ee728b)  -> (artifact id: 'f836ad0b1e65f9aa96f5c04083bc2af3') in 0.006904 seconds 
========================================================================
Received Import Request.
  Time since last request: 1.984200 seconds.
  path: Assets/AnyPortrait/Assets/Scripts
  artifactKey: Guid(d5f321aab50046a43a7df5096dae2924) Importer(815301076,1909f56bfc062723c751e8b465ee728b)
Start importing Assets/AnyPortrait/Assets/Scripts using Guid(d5f321aab50046a43a7df5096dae2924) Importer(815301076,1909f56bfc062723c751e8b465ee728b)  -> (artifact id: 'e9c3e07cd5d41b5dc25ca7102cf440b0') in 0.008783 seconds 
========================================================================
Received Import Request.
  Time since last request: 209.551289 seconds.
  path: Assets/PLAYER.prefab
  artifactKey: Guid(e291120f8cb92fd49813e216c04500a9) Importer(815301076,1909f56bfc062723c751e8b465ee728b)
Start importing Assets/PLAYER.prefab using Guid(e291120f8cb92fd49813e216c04500a9) Importer(815301076,1909f56bfc062723c751e8b465ee728b)  -> (artifact id: '077310b4d13ecff0fa6c862ae2825036') in 0.514657 seconds 
========================================================================
Received Import Request.
  Time since last request: 11.009131 seconds.
  path: Assets/Assets
  artifactKey: Guid(69fefe384c48c2e488a7232bbdd0211d) Importer(815301076,1909f56bfc062723c751e8b465ee728b)
Start importing Assets/Assets using Guid(69fefe384c48c2e488a7232bbdd0211d) Importer(815301076,1909f56bfc062723c751e8b465ee728b)  -> (artifact id: '11f9171f6d86f92b257e59bb9116a80b') in 0.005586 seconds 
========================================================================
Received Import Request.
  Time since last request: 1.128526 seconds.
  path: Assets/Assets/2D_Character_Rust
  artifactKey: Guid(ef593c7af92f6644ca65f849d86f040d) Importer(815301076,1909f56bfc062723c751e8b465ee728b)
Start importing Assets/Assets/2D_Character_Rust using Guid(ef593c7af92f6644ca65f849d86f040d) Importer(815301076,1909f56bfc062723c751e8b465ee728b)  -> (artifact id: '109dbf8ecb335c39db9dfacd8207f7d3') in 0.009661 seconds 
========================================================================
Received Import Request.
  Time since last request: 1.092688 seconds.
  path: Assets/Assets/2D_Character_Rust/PSD
  artifactKey: Guid(642732e7804476b4785a6026b53892f6) Importer(815301076,1909f56bfc062723c751e8b465ee728b)
Start importing Assets/Assets/2D_Character_Rust/PSD using Guid(642732e7804476b4785a6026b53892f6) Importer(815301076,1909f56bfc062723c751e8b465ee728b)  -> (artifact id: 'ce609dba9f2fe0c5e6fad93ecefa4ef2') in 0.008224 seconds 
========================================================================
Received Import Request.
  Time since last request: 0.028240 seconds.
  path: Assets/Assets/2D_Character_Rust/PSD/2D_Character_Rust.psd
  artifactKey: Guid(9a28fd2f412f1a64d979232971d178ee) Importer(815301076,1909f56bfc062723c751e8b465ee728b)
Start importing Assets/Assets/2D_Character_Rust/PSD/2D_Character_Rust.psd using Guid(9a28fd2f412f1a64d979232971d178ee) Importer(815301076,1909f56bfc062723c751e8b465ee728b)  -> (artifact id: 'a9f72117cc30373d212d1ed64b24a938') in 0.116363 seconds 
========================================================================
Received Import Request.
  Time since last request: 253.857862 seconds.
  path: Assets/Assets/2D_Character_Rust/PSD/2D_Character_Rust_0.png
  artifactKey: Guid(1a00e046893665d4d97a771ed9dbe7b5) Importer(815301076,1909f56bfc062723c751e8b465ee728b)
Start importing Assets/Assets/2D_Character_Rust/PSD/2D_Character_Rust_0.png using Guid(1a00e046893665d4d97a771ed9dbe7b5) Importer(815301076,1909f56bfc062723c751e8b465ee728b)  -> (artifact id: '08df923ed6d33b371eb3f9e9f0f1e2bf') in 0.229842 seconds 
========================================================================
Received Import Request.
  Time since last request: 0.201305 seconds.
  path: Assets/Assets/2D_Character_Rust/PSD/2D_Character_Rust_1.png
  artifactKey: Guid(7cadcb7fe53e49a419a85abb3aa47638) Importer(815301076,1909f56bfc062723c751e8b465ee728b)
Start importing Assets/Assets/2D_Character_Rust/PSD/2D_Character_Rust_1.png using Guid(7cadcb7fe53e49a419a85abb3aa47638) Importer(815301076,1909f56bfc062723c751e8b465ee728b)  -> (artifact id: '8d03de180d9e021c39ea46eb7bb52523') in 0.148699 seconds 
========================================================================
Received Import Request.
  Time since last request: 1.656910 seconds.
  path: Assets/Assets/2D_Character_Rust/PSD/2D_Character_Rust_0.png
  artifactKey: Guid(1a00e046893665d4d97a771ed9dbe7b5) Importer(815301076,1909f56bfc062723c751e8b465ee728b)
Start importing Assets/Assets/2D_Character_Rust/PSD/2D_Character_Rust_0.png using Guid(1a00e046893665d4d97a771ed9dbe7b5) Importer(815301076,1909f56bfc062723c751e8b465ee728b)  -> (artifact id: '2f135b03e3a34a153ff2938bccd6b74c') in 0.179106 seconds 
========================================================================
Received Import Request.
  Time since last request: 0.191192 seconds.
  path: Assets/Assets/2D_Character_Rust/PSD/2D_Character_Rust_1.png
  artifactKey: Guid(7cadcb7fe53e49a419a85abb3aa47638) Importer(815301076,1909f56bfc062723c751e8b465ee728b)
Start importing Assets/Assets/2D_Character_Rust/PSD/2D_Character_Rust_1.png using Guid(7cadcb7fe53e49a419a85abb3aa47638) Importer(815301076,1909f56bfc062723c751e8b465ee728b)  -> (artifact id: '11ae35a6f3539109c55afd773f417e72') in 0.132838 seconds 
========================================================================
Received Import Request.
  Time since last request: 437.673500 seconds.
  path: Assets/Assets/2D_Character_Rust/PSD/2D_Character_Rust_0.png
  artifactKey: Guid(1a00e046893665d4d97a771ed9dbe7b5) Importer(815301076,1909f56bfc062723c751e8b465ee728b)
Start importing Assets/Assets/2D_Character_Rust/PSD/2D_Character_Rust_0.png using Guid(1a00e046893665d4d97a771ed9dbe7b5) Importer(815301076,1909f56bfc062723c751e8b465ee728b)  -> (artifact id: '4bf23d5176d54b5632041f908ab3b695') in 0.249863 seconds 
========================================================================
Received Import Request.
  Time since last request: 30.271377 seconds.
  path: Assets/Assets/2D_Character_Rust/PSD/2D_Character_Rust_1.png
  artifactKey: Guid(7cadcb7fe53e49a419a85abb3aa47638) Importer(815301076,1909f56bfc062723c751e8b465ee728b)
Start importing Assets/Assets/2D_Character_Rust/PSD/2D_Character_Rust_1.png using Guid(7cadcb7fe53e49a419a85abb3aa47638) Importer(815301076,1909f56bfc062723c751e8b465ee728b)  -> (artifact id: '11ae35a6f3539109c55afd773f417e72') in 0.198963 seconds 
========================================================================
Received Import Request.
  Time since last request: 136.920815 seconds.
  path: Assets/Assets/2D_Character_Rust/PSD/2D_Character_Rust_1.png
  artifactKey: Guid(7cadcb7fe53e49a419a85abb3aa47638) Importer(815301076,1909f56bfc062723c751e8b465ee728b)
Start importing Assets/Assets/2D_Character_Rust/PSD/2D_Character_Rust_1.png using Guid(7cadcb7fe53e49a419a85abb3aa47638) Importer(815301076,1909f56bfc062723c751e8b465ee728b)  -> (artifact id: '172cd930048d7ee938642c9f45e527f2') in 0.169323 seconds 
========================================================================
Received Import Request.
  Time since last request: 93.916868 seconds.
  path: Assets/Assets/2D_Character_Rust/PSD/2D_Character_Rust_1.png
  artifactKey: Guid(7cadcb7fe53e49a419a85abb3aa47638) Importer(815301076,1909f56bfc062723c751e8b465ee728b)
Start importing Assets/Assets/2D_Character_Rust/PSD/2D_Character_Rust_1.png using Guid(7cadcb7fe53e49a419a85abb3aa47638) Importer(815301076,1909f56bfc062723c751e8b465ee728b)  -> (artifact id: '172cd930048d7ee938642c9f45e527f2') in 0.188195 seconds 
========================================================================
Received Import Request.
  Time since last request: 10.443076 seconds.
  path: Assets/Assets/2D_Character_Rust/PSD/2D_Character_Rust_1.png
  artifactKey: Guid(7cadcb7fe53e49a419a85abb3aa47638) Importer(815301076,1909f56bfc062723c751e8b465ee728b)
Start importing Assets/Assets/2D_Character_Rust/PSD/2D_Character_Rust_1.png using Guid(7cadcb7fe53e49a419a85abb3aa47638) Importer(815301076,1909f56bfc062723c751e8b465ee728b)  -> (artifact id: '172cd930048d7ee938642c9f45e527f2') in 0.227453 seconds 
========================================================================
Received Import Request.
  Time since last request: 4.556300 seconds.
  path: Assets/Assets/2D_Character_Rust/PSD/2D_Character_Rust_1.png
  artifactKey: Guid(7cadcb7fe53e49a419a85abb3aa47638) Importer(815301076,1909f56bfc062723c751e8b465ee728b)
Start importing Assets/Assets/2D_Character_Rust/PSD/2D_Character_Rust_1.png using Guid(7cadcb7fe53e49a419a85abb3aa47638) Importer(815301076,1909f56bfc062723c751e8b465ee728b)  -> (artifact id: '172cd930048d7ee938642c9f45e527f2') in 0.159193 seconds 
========================================================================
Received Import Request.
  Time since last request: 4.434919 seconds.
  path: Assets/Assets/2D_Character_Rust/PSD/2D_Character_Rust_1.png
  artifactKey: Guid(7cadcb7fe53e49a419a85abb3aa47638) Importer(815301076,1909f56bfc062723c751e8b465ee728b)
Start importing Assets/Assets/2D_Character_Rust/PSD/2D_Character_Rust_1.png using Guid(7cadcb7fe53e49a419a85abb3aa47638) Importer(815301076,1909f56bfc062723c751e8b465ee728b)  -> (artifact id: '3d39603e4975cf000d746e8996cf24ef') in 0.207952 seconds 
